0 info it worked if it ends with ok
1 verbose cli [ '/usr/bin/node', '/usr/bin/npm', 'install', '-g', 'bower' ]
2 info using npm@2.14.9
3 info using node@v0.12.9
4 verbose node symlink /usr/bin/node
5 verbose install initial load of /usr/lib/package.json
6 verbose readDependencies loading dependencies from /usr/lib/package.json
7 silly cache add args [ 'bower', null ]
8 verbose cache add spec bower
9 silly cache add parsed spec { raw: 'bower',
9 silly cache add   scope: null,
9 silly cache add   name: 'bower',
9 silly cache add   rawSpec: '',
9 silly cache add   spec: '*',
9 silly cache add   type: 'range' }
10 silly addNamed bower@*
11 verbose addNamed "*" is a valid semver range for bower
12 silly addNameRange { name: 'bower', range: '*', hasData: false }
13 silly mapToRegistry name bower
14 silly mapToRegistry using default registry
15 silly mapToRegistry registry https://registry.npmjs.org/
16 silly mapToRegistry uri https://registry.npmjs.org/bower
17 verbose addNameRange registry:https://registry.npmjs.org/bower not in flight; fetching
18 verbose request uri https://registry.npmjs.org/bower
19 verbose request no auth needed
20 info attempt registry request try #1 at 2:41:11 PM
21 verbose request id 49541db2c559e3fa
22 verbose etag "18M6YSLWP8SFF2D0SJHT52C2V"
23 http request GET https://registry.npmjs.org/bower
24 http 200 https://registry.npmjs.org/bower
25 verbose headers { server: 'CouchDB/1.5.0 (Erlang OTP/R16B03)',
25 verbose headers   etag: '"78TBJ5ZOWX08U4KSGSVD77K0A"',
25 verbose headers   'content-type': 'application/json',
25 verbose headers   'cache-control': 'max-age=300',
25 verbose headers   'content-length': '168883',
25 verbose headers   'accept-ranges': 'bytes',
25 verbose headers   date: 'Wed, 10 Feb 2016 11:41:12 GMT',
25 verbose headers   via: '1.1 varnish',
25 verbose headers   age: '259',
25 verbose headers   connection: 'keep-alive',
25 verbose headers   'x-served-by': 'cache-ams4139-AMS',
25 verbose headers   'x-cache': 'HIT',
25 verbose headers   'x-cache-hits': '9',
25 verbose headers   'x-timer': 'S1455104472.472547,VS0,VE0',
25 verbose headers   vary: 'Accept' }
26 silly get cb [ 200,
26 silly get   { server: 'CouchDB/1.5.0 (Erlang OTP/R16B03)',
26 silly get     etag: '"78TBJ5ZOWX08U4KSGSVD77K0A"',
26 silly get     'content-type': 'application/json',
26 silly get     'cache-control': 'max-age=300',
26 silly get     'content-length': '168883',
26 silly get     'accept-ranges': 'bytes',
26 silly get     date: 'Wed, 10 Feb 2016 11:41:12 GMT',
26 silly get     via: '1.1 varnish',
26 silly get     age: '259',
26 silly get     connection: 'keep-alive',
26 silly get     'x-served-by': 'cache-ams4139-AMS',
26 silly get     'x-cache': 'HIT',
26 silly get     'x-cache-hits': '9',
26 silly get     'x-timer': 'S1455104472.472547,VS0,VE0',
26 silly get     vary: 'Accept' } ]
27 verbose get saving bower to /home/archie/.npm/registry.npmjs.org/bower/.cache.json
28 silly addNameRange number 2 { name: 'bower', range: '*', hasData: true }
29 silly addNameRange versions [ 'bower',
29 silly addNameRange   [ '0.1.0',
29 silly addNameRange     '0.1.2',
29 silly addNameRange     '0.1.3',
29 silly addNameRange     '0.2.0',
29 silly addNameRange     '0.3.0',
29 silly addNameRange     '0.3.1',
29 silly addNameRange     '0.3.2',
29 silly addNameRange     '0.4.0',
29 silly addNameRange     '0.5.0',
29 silly addNameRange     '0.5.1',
29 silly addNameRange     '0.6.0',
29 silly addNameRange     '0.6.1',
29 silly addNameRange     '0.6.2',
29 silly addNameRange     '0.6.3',
29 silly addNameRange     '0.6.4',
29 silly addNameRange     '0.6.5',
29 silly addNameRange     '0.6.6',
29 silly addNameRange     '0.6.7',
29 silly addNameRange     '0.6.8',
29 silly addNameRange     '0.7.0',
29 silly addNameRange     '0.7.1',
29 silly addNameRange     '0.8.0',
29 silly addNameRange     '0.8.1',
29 silly addNameRange     '0.8.2',
29 silly addNameRange     '0.8.3',
29 silly addNameRange     '0.8.4',
29 silly addNameRange     '0.8.5',
29 silly addNameRange     '0.8.6',
29 silly addNameRange     '0.9.0',
29 silly addNameRange     '0.9.1',
29 silly addNameRange     '0.9.2',
29 silly addNameRange     '0.10.0',
29 silly addNameRange     '1.0.0',
29 silly addNameRange     '1.0.1',
29 silly addNameRange     '1.0.2',
29 silly addNameRange     '1.0.3',
29 silly addNameRange     '1.1.0',
29 silly addNameRange     '1.1.1',
29 silly addNameRange     '1.1.2',
29 silly addNameRange     '1.2.0',
29 silly addNameRange     '1.2.1',
29 silly addNameRange     '1.2.2',
29 silly addNameRange     '1.2.3',
29 silly addNameRange     '1.2.4',
29 silly addNameRange     '1.2.5',
29 silly addNameRange     '1.2.6',
29 silly addNameRange     '1.2.7',
29 silly addNameRange     '1.2.8',
29 silly addNameRange     '1.3.0',
29 silly addNameRange     '1.3.1',
29 silly addNameRange     '1.3.2',
29 silly addNameRange     '1.3.3',
29 silly addNameRange     '1.3.4',
29 silly addNameRange     '1.3.5',
29 silly addNameRange     '1.3.6',
29 silly addNameRange     '1.3.7',
29 silly addNameRange     '1.3.8',
29 silly addNameRange     '1.3.9',
29 silly addNameRange     '1.3.10',
29 silly addNameRange     '1.3.11',
29 silly addNameRange     '1.3.12',
29 silly addNameRange     '1.4.0',
29 silly addNameRange     '1.4.1',
29 silly addNameRange     '1.5.0',
29 silly addNameRange     '1.5.1',
29 silly addNameRange     '1.5.2',
29 silly addNameRange     '1.5.3',
29 silly addNameRange     '1.6.2',
29 silly addNameRange     '1.6.3',
29 silly addNameRange     '1.6.4',
29 silly addNameRange     '1.6.5',
29 silly addNameRange     '1.5.4',
29 silly addNameRange     '1.4.2',
29 silly addNameRange     '1.6.6',
29 silly addNameRange     '1.6.7',
29 silly addNameRange     '1.6.8',
29 silly addNameRange     '1.6.9',
29 silly addNameRange     '1.7.0',
29 silly addNameRange     '1.7.1',
29 silly addNameRange     '1.7.2',
29 silly addNameRange     '1.7.5',
29 silly addNameRange     '1.7.6',
29 silly addNameRange     '1.7.7' ] ]
30 silly addNamed bower@1.7.7
31 verbose addNamed "1.7.7" is a plain semver version for bower
32 silly mapToRegistry name bower
33 silly mapToRegistry using default registry
34 silly mapToRegistry registry https://registry.npmjs.org/
35 silly mapToRegistry uri https://registry.npmjs.org/bower
36 verbose addRemoteTarball https://registry.npmjs.org/bower/-/bower-1.7.7.tgz not in flight; adding
37 verbose addRemoteTarball [ 'https://registry.npmjs.org/bower/-/bower-1.7.7.tgz',
37 verbose addRemoteTarball   '2fd7ff3ebdcba5a8ffcd84c397c8fdfe9f825f92' ]
38 info retry fetch attempt 1 at 2:41:13 PM
39 info attempt registry request try #1 at 2:41:13 PM
40 http fetch GET https://registry.npmjs.org/bower/-/bower-1.7.7.tgz
41 http fetch 200 https://registry.npmjs.org/bower/-/bower-1.7.7.tgz
42 silly fetchAndShaCheck shasum 2fd7ff3ebdcba5a8ffcd84c397c8fdfe9f825f92
43 verbose addTmpTarball /tmp/npm-4706-e66bbc0d/registry.npmjs.org/bower/-/bower-1.7.7.tgz not in flight; adding
44 verbose addTmpTarball already have metadata; skipping unpack for bower@1.7.7
45 silly cache afterAdd bower@1.7.7
46 verbose afterAdd /home/archie/.npm/bower/1.7.7/package/package.json not in flight; writing
47 verbose afterAdd /home/archie/.npm/bower/1.7.7/package/package.json written
48 silly install resolved [ { name: 'bower',
48 silly install resolved     version: '1.7.7',
48 silly install resolved     description: 'The browser package manager',
48 silly install resolved     author: { name: 'Twitter' },
48 silly install resolved     license: 'MIT',
48 silly install resolved     repository: { type: 'git', url: 'git+https://github.com/bower/bower.git' },
48 silly install resolved     main: 'lib',
48 silly install resolved     bin: { bower: 'bin/bower' },
48 silly install resolved     homepage: 'http://bower.io',
48 silly install resolved     engines: { node: '>=0.10.0' },
48 silly install resolved     keywords: [ 'bower' ],
48 silly install resolved     files: [ 'bin', 'lib' ],
48 silly install resolved     bugs: { url: 'https://github.com/bower/bower/issues' },
48 silly install resolved     _id: 'bower@1.7.7',
48 silly install resolved     scripts: {},
48 silly install resolved     _shasum: '2fd7ff3ebdcba5a8ffcd84c397c8fdfe9f825f92',
48 silly install resolved     _from: 'bower@*',
48 silly install resolved     _npmVersion: '3.5.3',
48 silly install resolved     _nodeVersion: '4.1.1',
48 silly install resolved     _npmUser: { name: 'sheerun', email: 'sheerun@sher.pl' },
48 silly install resolved     dist:
48 silly install resolved      { shasum: '2fd7ff3ebdcba5a8ffcd84c397c8fdfe9f825f92',
48 silly install resolved        tarball: 'http://registry.npmjs.org/bower/-/bower-1.7.7.tgz' },
48 silly install resolved     maintainers:
48 silly install resolved      [ [Object],
48 silly install resolved        [Object],
48 silly install resolved        [Object],
48 silly install resolved        [Object],
48 silly install resolved        [Object],
48 silly install resolved        [Object],
48 silly install resolved        [Object] ],
48 silly install resolved     directories: {},
48 silly install resolved     _resolved: 'https://registry.npmjs.org/bower/-/bower-1.7.7.tgz' } ]
49 info install bower@1.7.7 into /usr/lib
50 info installOne bower@1.7.7
51 verbose installOne of bower to /usr/lib not in flight; installing
52 verbose lock using /home/archie/.npm/_locks/bower-f46d670cb56ecd4d.lock for /usr/lib/node_modules/bower
53 silly install write writing bower 1.7.7 to /usr/lib/node_modules/bower
54 verbose unbuild lib/node_modules/bower
55 info preuninstall bower@1.6.5
56 info uninstall bower@1.6.5
57 verbose unbuild rmStuff bower@1.6.5 from /usr/lib/node_modules
58 silly gentlyRm /usr/bin/bower is being gently removed
59 silly gentlyRm verifying /usr is an npm working directory
60 silly gentlyRm containing path /usr is under npm's control, in /usr
61 silly gentlyRm deletion target /usr/bin/bower is under /usr
62 verbose gentlyRm vacuuming from /usr/bin/bower up to /usr
63 silly vacuum-fs removing /usr/bin/bower
64 verbose unlock done using /home/archie/.npm/_locks/bower-f46d670cb56ecd4d.lock for /usr/lib/node_modules/bower
65 verbose stack Error: EACCES, unlink '/usr/bin/bower'
65 verbose stack     at Error (native)
66 verbose cwd /home/archie/public_html/romboarchie
67 error Linux 3.16.0-60-generic
68 error argv "/usr/bin/node" "/usr/bin/npm" "install" "-g" "bower"
69 error node v0.12.9
70 error npm  v2.14.9
71 error path /usr/bin/bower
72 error code EACCES
73 error errno -13
74 error Error: EACCES, unlink '/usr/bin/bower'
74 error     at Error (native)
74 error  { [Error: EACCES, unlink '/usr/bin/bower'] errno: -13, code: 'EACCES', path: '/usr/bin/bower' }
75 error Please try running this command again as root/Administrator.
76 verbose exit [ -13, true ]
77 verbose unbuild lib/node_modules/bower
78 info preuninstall bower@1.6.5
79 info uninstall bower@1.6.5
80 verbose unbuild rmStuff bower@1.6.5 from /usr/lib/node_modules
81 silly gentlyRm /usr/bin/bower is being gently removed
82 silly gentlyRm verifying /usr is an npm working directory
83 silly gentlyRm containing path /usr is under npm's control, in /usr
84 silly gentlyRm deletion target /usr/bin/bower is under /usr
85 verbose gentlyRm vacuuming from /usr/bin/bower up to /usr
86 silly vacuum-fs removing /usr/bin/bower
87 error error rolling back Error: EACCES, unlink '/usr/bin/bower'
87 error error rolling back     at Error (native)
87 error error rolling back  { [Error: EACCES, unlink '/usr/bin/bower'] errno: -13, code: 'EACCES', path: '/usr/bin/bower' }
